
========================================================== Test Run Started ==========================================================
------------------------------------------------------------------------------------------------------------------------------------
[22/07/2019 12:29:32 PM] ---------- Started Executing [ Tests_Repository\FunctionalTests ] ----------
------------------------------------------------------------------------------------------------------------------------------------
[22/07/2019 12:29:33 PM]     PASSED     CalculateEquation_ReturnsDecimalValue_DoubleAndDecimalAreNotSame             (00:00:00.475)     
------------------------------------------------------------------------------------------------------------------------------------
[22/07/2019 12:29:33 PM] ---------- Finished Execution: 1/1 Tests Passed (00:00:01.537) ----------
------------------------------------------------------------------------------------------------------------------------------------

------------------------------------------------------------------------------------------------------------------------------------
[22/07/2019 12:29:33 PM] ---------- Started Executing [ Tests_Repository\UnitTests ] ----------
------------------------------------------------------------------------------------------------------------------------------------
[22/07/2019 12:29:33 PM]     PASSED     CalculateEquation_ReturnsDecimalValue_DoubleAndDecimalAreNotSame             (00:00:00.072)     
[22/07/2019 12:29:34 PM]     PASSED     EmailValidation_EmailInvalid_ValidationFailed                                (00:00:00.221)     
[22/07/2019 12:29:34 PM]     PASSED     EmailValidation_EmailNotNullAndValid_Validated                               (00:00:00.230)     
[22/07/2019 12:29:34 PM]     PASSED     FillDictionary_DictionariesContainSameKeyValuePairs_DictionariesAreEqual     (00:00:00.254)     
[22/07/2019 12:29:35 PM]     PASSED     GenerateListOfStrings_ReturnsList_ListDoesntContainExpected                  (00:00:00.078)     
[22/07/2019 12:29:35 PM]     PASSED     IdValidation_UserIdLengthNotEqual10_BusinessRuleExceptionThrown              (00:00:00.084)     
[22/07/2019 12:29:38 PM]     FAILED     NavigateToReddit_FindElement_ElementFound                                    (00:00:03.068)     >> Test execution stopped due to an error: Activity timeout exceeded. Type: UiPath.Core.Activities.ActivityTimeoutException.  Source: Find Element - Reddit Image. <<
[22/07/2019 12:29:42 PM]     PASSED     NavigateToReddit_UnableToFindElement_ActivityTimeoutExceptionThrown          (00:00:03.295)     
------------------------------------------------------------------------------------------------------------------------------------
[22/07/2019 12:29:42 PM] ---------- Finished Execution: 7/8 Tests Passed (00:00:10.427) ----------
------------------------------------------------------------------------------------------------------------------------------------
========================================================= Test Run Completed =========================================================

========================================================== Test Run Started ==========================================================
------------------------------------------------------------------------------------------------------------------------------------
[22/07/2019 12:53:17 PM] ---------- Started Executing [ Tests_Repository\FunctionalTests ] ----------
------------------------------------------------------------------------------------------------------------------------------------
[22/07/2019 12:53:18 PM]     PASSED     CalculateEquation_ReturnsDecimalValue_DoubleAndDecimalAreNotSame             (00:00:00.461)     
------------------------------------------------------------------------------------------------------------------------------------
[22/07/2019 12:53:18 PM] ---------- Finished Execution: 1/1 Tests Passed (00:00:01.509) ----------
------------------------------------------------------------------------------------------------------------------------------------

------------------------------------------------------------------------------------------------------------------------------------
[22/07/2019 12:53:18 PM] ---------- Started Executing [ Tests_Repository\UnitTests ] ----------
------------------------------------------------------------------------------------------------------------------------------------
[22/07/2019 12:53:18 PM]     PASSED     CalculateEquation_ReturnsDecimalValue_DoubleAndDecimalAreNotSame             (00:00:00.066)     
[22/07/2019 12:53:18 PM]     PASSED     EmailValidation_EmailInvalid_ValidationFailed                                (00:00:00.207)     
[22/07/2019 12:53:19 PM]     PASSED     EmailValidation_EmailNotNullAndValid_Validated                               (00:00:00.220)     
[22/07/2019 12:53:19 PM]     PASSED     FillDictionary_DictionariesContainSameKeyValuePairs_DictionariesAreEqual     (00:00:00.239)     
[22/07/2019 12:53:19 PM]     PASSED     GenerateListOfStrings_ReturnsList_ListDoesntContainExpected                  (00:00:00.068)     
[22/07/2019 12:53:20 PM]     PASSED     IdValidation_UserIdLengthNotEqual10_BusinessRuleExceptionThrown              (00:00:00.074)     
[22/07/2019 12:53:23 PM]     PASSED     NavigateToReddit_FindElement_ElementFound                                    (00:00:03.233)     
[22/07/2019 12:53:26 PM]     PASSED     NavigateToReddit_UnableToFindElement_ActivityTimeoutExceptionThrown          (00:00:02.963)     
------------------------------------------------------------------------------------------------------------------------------------
[22/07/2019 12:53:26 PM] ---------- Finished Execution: 8/8 Tests Passed (00:00:09.956) ----------
------------------------------------------------------------------------------------------------------------------------------------
========================================================= Test Run Completed =========================================================

========================================================== Test Run Started ==========================================================
------------------------------------------------------------------------------------------------------------------------------------
[22/07/2019 12:58:22 PM] ---------- Started Executing [ Tests_Repository\FunctionalTests ] ----------
------------------------------------------------------------------------------------------------------------------------------------
[22/07/2019 12:58:23 PM]     PASSED     CalculateEquation_ReturnsDecimalValue_DoubleAndDecimalAreNotSame             (00:00:00.464)     
------------------------------------------------------------------------------------------------------------------------------------
[22/07/2019 12:58:23 PM] ---------- Finished Execution: 1/1 Tests Passed (00:00:01.502) ----------
------------------------------------------------------------------------------------------------------------------------------------

------------------------------------------------------------------------------------------------------------------------------------
[22/07/2019 12:58:23 PM] ---------- Started Executing [ Tests_Repository\UnitTests ] ----------
------------------------------------------------------------------------------------------------------------------------------------
[22/07/2019 12:58:23 PM]     PASSED     CalculateEquation_ReturnsDecimalValue_DoubleAndDecimalAreNotSame             (00:00:00.064)     
[22/07/2019 12:58:23 PM]     PASSED     EmailValidation_EmailInvalid_ValidationFailed                                (00:00:00.200)     
[22/07/2019 12:58:24 PM]     PASSED     EmailValidation_EmailNotNullAndValid_Validated                               (00:00:00.216)     
[22/07/2019 12:58:24 PM]     PASSED     FillDictionary_DictionariesContainSameKeyValuePairs_DictionariesAreEqual     (00:00:00.238)     
[22/07/2019 12:58:24 PM]     PASSED     GenerateListOfStrings_ReturnsList_ListDoesntContainExpected                  (00:00:00.071)     
[22/07/2019 12:58:25 PM]     PASSED     IdValidation_UserIdLengthNotEqual10_BusinessRuleExceptionThrown              (00:00:00.076)     
[22/07/2019 12:58:28 PM]     PASSED     NavigateToReddit_FindElement_ElementFound                                    (00:00:02.886)     
[22/07/2019 12:58:31 PM]     PASSED     NavigateToReddit_UnableToFindElement_ActivityTimeoutExceptionThrown          (00:00:03.220)     
------------------------------------------------------------------------------------------------------------------------------------
[22/07/2019 12:58:31 PM] ---------- Finished Execution: 8/8 Tests Passed (00:00:09.826) ----------
------------------------------------------------------------------------------------------------------------------------------------
========================================================= Test Run Completed =========================================================

========================================================== Test Run Started ==========================================================
------------------------------------------------------------------------------------------------------------------------------------
[22/07/2019 12:58:52 PM] ---------- Started Executing [ Tests_Repository\FunctionalTests ] ----------
------------------------------------------------------------------------------------------------------------------------------------
[22/07/2019 12:58:56 PM]     PASSED     CalculateEquation_ReturnsDecimalValue_DoubleAndDecimalAreNotSame             (00:00:01.349)     
------------------------------------------------------------------------------------------------------------------------------------
[22/07/2019 12:58:57 PM] ---------- Finished Execution: 1/1 Tests Passed (00:00:04.905) ----------
------------------------------------------------------------------------------------------------------------------------------------

------------------------------------------------------------------------------------------------------------------------------------
[22/07/2019 12:58:58 PM] ---------- Started Executing [ Tests_Repository\UnitTests ] ----------
------------------------------------------------------------------------------------------------------------------------------------
[22/07/2019 12:59:00 PM]     PASSED     CalculateEquation_ReturnsDecimalValue_DoubleAndDecimalAreNotSame             (00:00:01.037)     
[22/07/2019 12:59:03 PM]     PASSED     EmailValidation_EmailInvalid_ValidationFailed                                (00:00:01.230)     
[22/07/2019 12:59:06 PM]     PASSED     EmailValidation_EmailNotNullAndValid_Validated                               (00:00:01.379)     
[22/07/2019 12:59:10 PM]     PASSED     FillDictionary_DictionariesContainSameKeyValuePairs_DictionariesAreEqual     (00:00:01.403)     
[22/07/2019 12:59:13 PM]     PASSED     GenerateListOfStrings_ReturnsList_ListDoesntContainExpected                  (00:00:01.055)     
[22/07/2019 12:59:16 PM]     PASSED     IdValidation_UserIdLengthNotEqual10_BusinessRuleExceptionThrown              (00:00:01.336)     
[22/07/2019 12:59:23 PM]     FAILED     NavigateToReddit_FindElement_ElementFound                                    (00:00:04.625)     >> Test execution stopped due to an error: Activity timeout exceeded. Type: UiPath.Core.Activities.ActivityTimeoutException.  Source: Find Element - Reddit Image. <<
[22/07/2019 12:59:31 PM]     PASSED     NavigateToReddit_UnableToFindElement_ActivityTimeoutExceptionThrown          (00:00:05.063)     
------------------------------------------------------------------------------------------------------------------------------------
[22/07/2019 12:59:32 PM] ---------- Finished Execution: 7/8 Tests Passed (00:00:40.181) ----------
------------------------------------------------------------------------------------------------------------------------------------
========================================================= Test Run Completed =========================================================